<?xml version="1.0" encoding="UTF-8"?>
<!-- Generated by org.testng.reporters.JUnitReportReporter -->
<testsuite hostname="LAPTOP-INSG1UAT" failures="0" tests="1" name="testScript.FlightSearchMMT_test" time="11.154" errors="0" timestamp="2023-03-12T22:12:58 IST" skipped="0">
  <testcase classname="testScript.FlightSearchMMT_test" name="searcghFlight" time="11.154"/>
  <system-out/>
</testsuite> <!-- testScript.FlightSearchMMT_test -->
